2019-07-16 22:23:14.256: [INFO] ip: "192.168.0.104", process.pid : "75771",env:"development", server has started on port:"3001"
2019-07-16 22:24:00.884:   <-- GET /test
2019-07-16 22:24:00.885: test controller
2019-07-16 22:24:00.897:   --> GET /test 200 13ms 518b
2019-07-16 22:24:00.952:   <-- GET /test/css/test2.css
2019-07-16 22:24:00.954:   --> GET /test/css/test2.css 404 2ms -
2019-07-16 22:24:03.427:   <-- GET /favicon.ico
2019-07-16 22:24:03.428:   --> GET /favicon.ico 404 1ms -
2019-07-16 22:24:05.056:   <-- GET /test
2019-07-16 22:24:05.056: test controller
2019-07-16 22:24:05.059:   --> GET /test 200 3ms 518b
2019-07-16 22:24:05.101:   <-- GET /test/css/test2.css
2019-07-16 22:24:05.102:   --> GET /test/css/test2.css 404 0ms -
2019-07-16 22:25:02.373:   <-- GET /test2
2019-07-16 22:25:02.373:   --> GET /test2 200 0ms 12b
2019-07-16 22:25:05.235:   <-- GET /test2
2019-07-16 22:25:05.235:   --> GET /test2 200 0ms 12b
2019-07-16 22:25:07.908:   <-- GET /test
2019-07-16 22:25:07.908: test controller
2019-07-16 22:25:07.910:   --> GET /test 200 2ms 518b
2019-07-16 22:25:07.940:   <-- GET /test/css/test2.css
2019-07-16 22:25:07.941:   --> GET /test/css/test2.css 404 1ms -
